<?xml version="1.0" encoding="UTF-8" standalone="no"?>
<testsuite errors="0" failures="0" name="io.cucumber.core.plugin.JUnitFormatter" skipped="0" tests="8" time="204.47">
    <testcase classname="OrangeHRM Login" name="Check Logo presence on OrangeHRM homepage" time="27.602">
        <system-out><![CDATA[Given user launch chrome browser............................................passed
When user open OrangeHRM homepage...........................................passed
Then user verify that the logo presence on homepage.........................passed
And close browser...........................................................passed
]]></system-out>
    </testcase>
    <testcase classname="OrangeHRM Login" name="Login to OrangeHRM with valid credentials" time="26.506">
        <system-out><![CDATA[Given user launch chrome browser............................................passed
When user open OrangeHRM homepage...........................................passed
Then user verify that the logo presence on homepage.........................passed
And enter username "Admin" and password "admin123"..........................passed
And click login button......................................................passed
Then user must successfully login to the Dashboard page.....................passed
And close browser...........................................................passed
]]></system-out>
    </testcase>
    <testcase classname="OrangeHRM Login" name="Login to OrangeHRM with Invalid credentials" time="23.747">
        <system-out><![CDATA[Given user launch chrome browser............................................passed
When user open OrangeHRM homepage...........................................passed
Then user verify that the logo presence on homepage.........................passed
And enter username "username" and password "password".......................passed
And click login button......................................................passed
Then user must Invalid login page...........................................passed
And close browser...........................................................passed
]]></system-out>
    </testcase>
    <testcase classname="OrangeHRM Login" name="Login to OrangeHRM with Invalid credentials 2" time="22.914">
        <system-out><![CDATA[Given user launch chrome browser............................................passed
When user open OrangeHRM homepage...........................................passed
Then user verify that the logo presence on homepage.........................passed
And enter username "admin" and password "Admin123"..........................passed
And click login button......................................................passed
Then user must Invalid login page...........................................passed
And close browser...........................................................passed
]]></system-out>
    </testcase>
    <testcase classname="OrangeHRM Login" name="Login to OrangeHRM with Invalid credentials 3" time="31.696">
        <system-out><![CDATA[Given user launch chrome browser............................................passed
When user open OrangeHRM homepage...........................................passed
Then user verify that the logo presence on homepage.........................passed
And enter username "Admin123" and password "Admin"..........................passed
And click login button......................................................passed
Then user must Invalid login page...........................................passed
And close browser...........................................................passed
]]></system-out>
    </testcase>
    <testcase classname="OrangeHRM Login" name="Login to OrangeHRM with Invalid credentials 4" time="21.128">
        <system-out><![CDATA[Given user launch chrome browser............................................passed
When user open OrangeHRM homepage...........................................passed
Then user verify that the logo presence on homepage.........................passed
And enter username "Admin" and password "admin".............................passed
And click login button......................................................passed
Then user must Invalid login page...........................................passed
And close browser...........................................................passed
]]></system-out>
    </testcase>
    <testcase classname="OrangeHRM Login" name="Login to OrangeHRM with Invalid credentials 5" time="19.806">
        <system-out><![CDATA[Given user launch chrome browser............................................passed
When user open OrangeHRM homepage...........................................passed
Then user verify that the logo presence on homepage.........................passed
And enter username "" and password "admin123"...............................passed
And click login button......................................................passed
Then user must Invalid login page...........................................passed
And close browser...........................................................passed
]]></system-out>
    </testcase>
    <testcase classname="OrangeHRM Login" name="Login to OrangeHRM with Invalid credentials 6" time="26.581">
        <system-out><![CDATA[Given user launch chrome browser............................................passed
When user open OrangeHRM homepage...........................................passed
Then user verify that the logo presence on homepage.........................passed
And enter username "" and password "".......................................passed
And click login button......................................................passed
Then user must Invalid login page...........................................passed
And close browser...........................................................passed
]]></system-out>
    </testcase>
</testsuite>
